15:09:28 INFO  - Start test testLogOut
15:09:28 INFO  - Start find --> By.xpath: //*[@resource-id ='org.wikipedia:id/fragment_onboarding_skip_button']
15:09:28 INFO  - By.xpath: //*[@resource-id ='org.wikipedia:id/fragment_onboarding_skip_button']<-- Found
15:09:29 INFO  - Start find --> By.xpath: //*[@resource-id='org.wikipedia:id/menu_icon']
15:09:31 INFO  - By.xpath: //*[@resource-id='org.wikipedia:id/menu_icon']<-- Found
15:09:32 INFO  - Start find --> By.xpath: //*[@resource-id='org.wikipedia:id/main_drawer_login_button']
15:09:32 INFO  - By.xpath: //*[@resource-id='org.wikipedia:id/main_drawer_login_button']<-- Found
15:09:33 INFO  - Start find --> By.xpath: //*[@resource-id='org.wikipedia:id/create_account_login_button']
15:09:36 INFO  - By.xpath: //*[@resource-id='org.wikipedia:id/create_account_login_button']<-- Found
15:09:36 INFO  - Start find --> By.xpath: //*[@resource-id='org.wikipedia:id/login_username_text']/android.widget.FrameLayout/android.widget.EditText
15:09:39 INFO  - By.xpath: //*[@resource-id='org.wikipedia:id/login_username_text']/android.widget.FrameLayout/android.widget.EditText<-- Found
15:09:39 INFO  - Start find --> By.xpath: //*[@resource-id='org.wikipedia:id/login_username_text']/android.widget.FrameLayout/android.widget.EditText
15:09:41 INFO  - By.xpath: //*[@resource-id='org.wikipedia:id/login_username_text']/android.widget.FrameLayout/android.widget.EditText<-- Found
15:09:41 INFO  - Start find --> By.xpath: //*[@resource-id='org.wikipedia:id/login_username_text']/android.widget.FrameLayout/android.widget.EditText
15:09:41 INFO  - By.xpath: //*[@resource-id='org.wikipedia:id/login_username_text']/android.widget.FrameLayout/android.widget.EditText<-- Found
15:09:42 INFO  - Start find --> By.xpath: //*[@resource-id='org.wikipedia:id/login_password_input']/android.widget.FrameLayout/android.widget.EditText
15:09:43 INFO  - By.xpath: //*[@resource-id='org.wikipedia:id/login_password_input']/android.widget.FrameLayout/android.widget.EditText<-- Found
15:09:43 INFO  - Start find --> By.xpath: //*[@resource-id='org.wikipedia:id/login_password_input']/android.widget.FrameLayout/android.widget.EditText
15:09:44 INFO  - By.xpath: //*[@resource-id='org.wikipedia:id/login_password_input']/android.widget.FrameLayout/android.widget.EditText<-- Found
15:09:44 INFO  - Start find --> By.xpath: //*[@resource-id='org.wikipedia:id/login_password_input']/android.widget.FrameLayout/android.widget.EditText
15:09:45 INFO  - By.xpath: //*[@resource-id='org.wikipedia:id/login_password_input']/android.widget.FrameLayout/android.widget.EditText<-- Found
15:09:46 INFO  - Start find --> By.id: org.wikipedia:id/login_button
15:09:47 INFO  - By.id: org.wikipedia:id/login_button<-- Found
15:09:47 INFO  - Start find --> By.xpath: //*[@resource-id='org.wikipedia:id/menu_icon']
15:09:52 INFO  - By.xpath: //*[@resource-id='org.wikipedia:id/menu_icon']<-- Found
15:09:52 INFO  - Start find --> By.xpath: //*[@resource-id='org.wikipedia:id/main_drawer_login_button']
15:09:53 INFO  - By.xpath: //*[@resource-id='org.wikipedia:id/main_drawer_login_button']<-- Found
15:09:53 INFO  - Start find --> By.xpath: //*[@resource-id='android:id/button2']
15:09:54 INFO  - By.xpath: //*[@resource-id='android:id/button2']<-- Found
15:09:55 INFO  - Stop test testLogOut
************************************************
