14:43:40 INFO  - Start test testLogOut
14:43:40 INFO  - Start find --> By.xpath: //*[@resource-id ='org.wikipedia:id/fragment_onboarding_skip_button']
14:43:41 INFO  - By.xpath: //*[@resource-id ='org.wikipedia:id/fragment_onboarding_skip_button']<-- Found
14:43:41 INFO  - Start find --> By.xpath: //*[@resource-id='org.wikipedia:id/menu_icon']
14:43:44 INFO  - By.xpath: //*[@resource-id='org.wikipedia:id/menu_icon']<-- Found
14:43:44 INFO  - Start find --> By.xpath: //*[@resource-id='org.wikipedia:id/main_drawer_login_button']
14:43:45 INFO  - By.xpath: //*[@resource-id='org.wikipedia:id/main_drawer_login_button']<-- Found
14:43:45 INFO  - Start find --> By.xpath: //*[@resource-id='org.wikipedia:id/create_account_login_button']
14:43:47 INFO  - By.xpath: //*[@resource-id='org.wikipedia:id/create_account_login_button']<-- Found
14:43:48 INFO  - Start find --> By.xpath: //*[@resource-id='org.wikipedia:id/login_username_text']/android.widget.FrameLayout/android.widget.EditText
14:43:49 INFO  - By.xpath: //*[@resource-id='org.wikipedia:id/login_username_text']/android.widget.FrameLayout/android.widget.EditText<-- Found
14:43:49 INFO  - Start find --> By.xpath: //*[@resource-id='org.wikipedia:id/login_username_text']/android.widget.FrameLayout/android.widget.EditText
14:43:50 INFO  - By.xpath: //*[@resource-id='org.wikipedia:id/login_username_text']/android.widget.FrameLayout/android.widget.EditText<-- Found
14:43:50 INFO  - Start find --> By.xpath: //*[@resource-id='org.wikipedia:id/login_username_text']/android.widget.FrameLayout/android.widget.EditText
14:43:51 INFO  - By.xpath: //*[@resource-id='org.wikipedia:id/login_username_text']/android.widget.FrameLayout/android.widget.EditText<-- Found
14:43:52 INFO  - Start find --> By.xpath: //*[@resource-id='org.wikipedia:id/login_password_input']/android.widget.FrameLayout/android.widget.EditText
14:43:53 INFO  - By.xpath: //*[@resource-id='org.wikipedia:id/login_password_input']/android.widget.FrameLayout/android.widget.EditText<-- Found
14:43:53 INFO  - Start find --> By.xpath: //*[@resource-id='org.wikipedia:id/login_password_input']/android.widget.FrameLayout/android.widget.EditText
14:43:54 INFO  - By.xpath: //*[@resource-id='org.wikipedia:id/login_password_input']/android.widget.FrameLayout/android.widget.EditText<-- Found
14:43:54 INFO  - Start find --> By.xpath: //*[@resource-id='org.wikipedia:id/login_password_input']/android.widget.FrameLayout/android.widget.EditText
14:43:55 INFO  - By.xpath: //*[@resource-id='org.wikipedia:id/login_password_input']/android.widget.FrameLayout/android.widget.EditText<-- Found
14:43:55 INFO  - Start find --> By.xpath: //*[@resource-id='org.wikipedia:id/main_drawer_login_button']
14:44:07 INFO  - By.xpath: //*[@resource-id='org.wikipedia:id/main_drawer_login_button']<-- Found
14:44:07 ERROR - org.openqa.selenium.NoSuchElementException: An element could not be located on the page using the given search parameters.
For documentation on this error, please visit: https://www.seleniumhq.org/exceptions/no_such_element.html
Build info: version: '3.141.59', revision: 'e82be7d358', time: '2018-11-14T08:17:03'
System info: host: 'MBP-Taya.lan', ip: 'fe80:0:0:0:cb5:8db7:b091:4236%en0', os.name: 'Mac OS X', os.arch: 'x86_64', os.version: '10.16', java.version: '1.8.0_151'
Driver info: io.appium.java_client.android.AndroidDriver
Capabilities {app: /Users/tayahatum/QAAppium/a..., appActivity: .main.MainActivity, appPackage: org.wikipedia, automationName: Appium, databaseEnabled: false, desired: {app: /Users/tayahatum/QAAppium/a..., appActivity: .main.MainActivity, appPackage: org.wikipedia, automationName: Appium, deviceName: MyNex, platformName: android, platformVersion: 8.0}, deviceApiLevel: 26, deviceManufacturer: Google, deviceModel: Android SDK built for x86, deviceName: emulator-5554, deviceScreenDensity: 480, deviceScreenSize: 1080x1920, deviceUDID: emulator-5554, javascriptEnabled: true, locationContextEnabled: false, networkConnectionEnabled: true, pixelRatio: 3, platform: LINUX, platformName: Android, platformVersion: 8.0.0, statBarHeight: 72, takesScreenshot: true, viewportRect: {height: 1704, left: 0, top: 72, width: 1080}, warnings: {}, webStorageEnabled: false}
Session ID: d0194913-cffa-4254-a489-35c8e0deafa9
*** Element info: {Using=xpath, value=//*[@resource-id='org.wikipedia:id/main_drawer_login_button']}
14:44:07 INFO  - Stop test testLogOut
************************************************
